[debug] [2026-03-21T08:58:04.143Z] ----------------------------------------------------------------------
[debug] [2026-03-21T08:58:04.145Z] Command:       C:\Program Files\nodejs\node.exe C:\Users\LENOVO\AppData\Roaming\npm\node_modules\firebase-tools\lib\bin\firebase.js deploy --only functions
[debug] [2026-03-21T08:58:04.145Z] CLI Version:   15.9.1
[debug] [2026-03-21T08:58:04.145Z] Platform:      win32
[debug] [2026-03-21T08:58:04.145Z] Node Version:  v24.13.0
[debug] [2026-03-21T08:58:04.145Z] Time:          Sat Mar 21 2026 14:28:04 GMT+0530 (India Standard Time)
[debug] [2026-03-21T08:58:04.145Z] ----------------------------------------------------------------------
[debug] 
[debug] [2026-03-21T08:58:07.659Z] > command requires scopes: ["email","openid","https://www.googleapis.com/auth/cloudplatformprojects.readonly","https://www.googleapis.com/auth/firebase","https://www.googleapis.com/auth/cloud-platform"]
[debug] [2026-03-21T08:58:07.660Z] > authorizing via signed-in user (petbuddy138@gmail.com)
[debug] [2026-03-21T08:58:07.661Z] [iam] checking project petbuddy-138 for permissions ["cloudfunctions.functions.create","cloudfunctions.functions.delete","cloudfunctions.functions.get","cloudfunctions.functions.list","cloudfunctions.functions.update","cloudfunctions.operations.get","firebase.projects.get"]
[debug] [2026-03-21T08:58:07.662Z] Checked if tokens are valid: false, expires at: 1774006568038
[debug] [2026-03-21T08:58:07.662Z] Checked if tokens are valid: false, expires at: 1774006568038
[debug] [2026-03-21T08:58:07.663Z] > refreshing access token with scopes: []
[debug] [2026-03-21T08:58:07.668Z] >>> [apiv2][query] POST https://www.googleapis.com/oauth2/v3/token [none]
[debug] [2026-03-21T08:58:07.668Z] >>> [apiv2][body] POST https://www.googleapis.com/oauth2/v3/token [omitted]
[debug] [2026-03-21T08:58:08.174Z] <<< [apiv2][status] POST https://www.googleapis.com/oauth2/v3/token 200
[debug] [2026-03-21T08:58:08.174Z] <<< [apiv2][body] POST https://www.googleapis.com/oauth2/v3/token [omitted]
[debug] [2026-03-21T08:58:08.182Z] >>> [apiv2][query] POST https://cloudresourcemanager.googleapis.com/v1/projects/petbuddy-138:testIamPermissions [none]
[debug] [2026-03-21T08:58:08.182Z] >>> [apiv2][(partial)header] POST https://cloudresourcemanager.googleapis.com/v1/projects/petbuddy-138:testIamPermissions  x-goog-user-project=petbuddy-138
[debug] [2026-03-21T08:58:08.182Z] >>> [apiv2][body] POST https://cloudresourcemanager.googleapis.com/v1/projects/petbuddy-138:testIamPermissions {"permissions":["cloudfunctions.functions.create","cloudfunctions.functions.delete","cloudfunctions.functions.get","cloudfunctions.functions.list","cloudfunctions.functions.update","cloudfunctions.operations.get","firebase.projects.get"]}
[debug] [2026-03-21T08:58:09.769Z] <<< [apiv2][status] POST https://cloudresourcemanager.googleapis.com/v1/projects/petbuddy-138:testIamPermissions 200
[debug] [2026-03-21T08:58:09.769Z] <<< [apiv2][body] POST https://cloudresourcemanager.googleapis.com/v1/projects/petbuddy-138:testIamPermissions {"permissions":["cloudfunctions.functions.create","cloudfunctions.functions.delete","cloudfunctions.functions.get","cloudfunctions.functions.list","cloudfunctions.functions.update","cloudfunctions.operations.get","firebase.projects.get"]}
[debug] [2026-03-21T08:58:09.769Z] Checked if tokens are valid: true, expires at: 1774087087174
[debug] [2026-03-21T08:58:09.769Z] Checked if tokens are valid: true, expires at: 1774087087174
[debug] [2026-03-21T08:58:09.769Z] >>> [apiv2][query] POST https://iam.googleapis.com/v1/projects/petbuddy-138/serviceAccounts/petbuddy-138@appspot.gserviceaccount.com:testIamPermissions [none]
[debug] [2026-03-21T08:58:09.769Z] >>> [apiv2][body] POST https://iam.googleapis.com/v1/projects/petbuddy-138/serviceAccounts/petbuddy-138@appspot.gserviceaccount.com:testIamPermissions {"permissions":["iam.serviceAccounts.actAs"]}
[debug] [2026-03-21T08:58:11.626Z] <<< [apiv2][status] POST https://iam.googleapis.com/v1/projects/petbuddy-138/serviceAccounts/petbuddy-138@appspot.gserviceaccount.com:testIamPermissions 200
[debug] [2026-03-21T08:58:11.626Z] <<< [apiv2][body] POST https://iam.googleapis.com/v1/projects/petbuddy-138/serviceAccounts/petbuddy-138@appspot.gserviceaccount.com:testIamPermissions {"permissions":["iam.serviceAccounts.actAs"]}
[info] 
[info] === Deploying to 'petbuddy-138'...
[info] 
[info] i  deploying functions 
[debug] [2026-03-21T08:58:11.630Z] Checked if tokens are valid: true, expires at: 1774087087174
[debug] [2026-03-21T08:58:11.630Z] Checked if tokens are valid: true, expires at: 1774087087174
[debug] [2026-03-21T08:58:11.630Z] >>> [apiv2][query] GET https://cloudresourcemanager.googleapis.com/v1/projects/petbuddy-138 [none]
[debug] [2026-03-21T08:58:12.013Z] <<< [apiv2][status] GET https://cloudresourcemanager.googleapis.com/v1/projects/petbuddy-138 200
[debug] [2026-03-21T08:58:12.013Z] <<< [apiv2][body] GET https://cloudresourcemanager.googleapis.com/v1/projects/petbuddy-138 {"projectNumber":"506859726227","projectId":"petbuddy-138","lifecycleState":"ACTIVE","name":"petbuddy-138","labels":{"firebase":"enabled","firebase-core":"disabled"},"createTime":"2026-02-16T09:47:55.230253Z"}
[info] i  functions: preparing codebase default for deployment 
[info] i  functions: ensuring required API cloudfunctions.googleapis.com is enabled... 
[info] i  functions: ensuring required API cloudbuild.googleapis.com is enabled... 
[info] i  artifactregistry: ensuring required API artifactregistry.googleapis.com is enabled... 
[debug] [2026-03-21T08:58:12.016Z] Checked if tokens are valid: true, expires at: 1774087087174
[debug] [2026-03-21T08:58:12.016Z] Checked if tokens are valid: true, expires at: 1774087087174
[debug] [2026-03-21T08:58:12.016Z] >>> [apiv2][query] GET https://firebase.googleapis.com/v1beta1/projects/petbuddy-138/adminSdkConfig [none]
[debug] [2026-03-21T08:58:13.025Z] <<< [apiv2][status] GET https://firebase.googleapis.com/v1beta1/projects/petbuddy-138/adminSdkConfig 200
[debug] [2026-03-21T08:58:13.025Z] <<< [apiv2][body] GET https://firebase.googleapis.com/v1beta1/projects/petbuddy-138/adminSdkConfig {"projectId":"petbuddy-138","databaseURL":"https://petbuddy-138-default-rtdb.firebaseio.com","storageBucket":"petbuddy-138.firebasestorage.app"}
[debug] [2026-03-21T08:58:13.030Z] Validating nodejs source
[debug] [2026-03-21T08:58:14.836Z] > [functions] package.json contents: {
  "name": "functions",
  "description": "Cloud Functions for Firebase",
  "scripts": {
    "serve": "firebase emulators:start --only functions",
    "shell": "firebase functions:shell",
    "start": "npm run shell",
    "deploy": "firebase deploy --only functions",
    "logs": "firebase functions:log"
  },
  "engines": {
    "node": "24"
  },
  "main": "index.js",
  "dependencies": {
    "csv-parse": "^6.1.0",
    "firebase-admin": "^13.6.0",
    "firebase-functions": "^7.2.2",
    "fuse.js": "^7.1.0"
  },
  "devDependencies": {
    "firebase-functions-test": "^3.4.1"
  },
  "private": true
}
[debug] [2026-03-21T08:58:14.836Z] Building nodejs source
[info] i  functions: Loading and analyzing source code for codebase default to determine what to deploy 
[debug] [2026-03-21T08:58:14.840Z] Could not find functions.yaml. Must use http discovery
[debug] [2026-03-21T08:58:14.852Z] Found firebase-functions binary at 'C:\Users\LENOVO\OneDrive\Desktop\Ai-chatbot-firebase\functions\node_modules\.bin\firebase-functions'
[info] Serving at port 8004

[debug] [2026-03-21T08:58:16.375Z] Got response from /__/functions.yaml {"endpoints":{"chatbot":{"availableMemoryMb":null,"timeoutSeconds":null,"minInstances":null,"maxInstances":null,"ingressSettings":null,"concurrency":null,"serviceAccountEmail":null,"vpc":null,"platform":"gcfv2","labels":{},"httpsTrigger":{},"entryPoint":"chatbot"},"suggestions":{"availableMemoryMb":null,"timeoutSeconds":null,"minInstances":null,"maxInstances":null,"ingressSettings":null,"concurrency":null,"serviceAccountEmail":null,"vpc":null,"platform":"gcfv2","labels":{},"httpsTrigger":{},"entryPoint":"suggestions"}},"specVersion":"v1alpha1","requiredAPIs":[],"extensions":{}}
[info] i  extensions: ensuring required API firebaseextensions.googleapis.com is enabled... 
[debug] [2026-03-21T08:58:20.424Z] > command requires scopes: ["email","openid","https://www.googleapis.com/auth/cloudplatformprojects.readonly","https://www.googleapis.com/auth/firebase","https://www.googleapis.com/auth/cloud-platform"]
[debug] [2026-03-21T08:58:20.424Z] > authorizing via signed-in user (petbuddy138@gmail.com)
[debug] [2026-03-21T08:58:20.424Z] [iam] checking project petbuddy-138 for permissions ["firebase.projects.get","firebaseextensions.instances.list"]
[debug] [2026-03-21T08:58:20.424Z] Checked if tokens are valid: true, expires at: 1774087087174
[debug] [2026-03-21T08:58:20.424Z] Checked if tokens are valid: true, expires at: 1774087087174
[debug] [2026-03-21T08:58:20.424Z] >>> [apiv2][query] POST https://cloudresourcemanager.googleapis.com/v1/projects/petbuddy-138:testIamPermissions [none]
[debug] [2026-03-21T08:58:20.424Z] >>> [apiv2][(partial)header] POST https://cloudresourcemanager.googleapis.com/v1/projects/petbuddy-138:testIamPermissions  x-goog-user-project=petbuddy-138
[debug] [2026-03-21T08:58:20.424Z] >>> [apiv2][body] POST https://cloudresourcemanager.googleapis.com/v1/projects/petbuddy-138:testIamPermissions {"permissions":["firebase.projects.get","firebaseextensions.instances.list"]}
[debug] [2026-03-21T08:58:22.045Z] <<< [apiv2][status] POST https://cloudresourcemanager.googleapis.com/v1/projects/petbuddy-138:testIamPermissions 200
[debug] [2026-03-21T08:58:22.045Z] <<< [apiv2][body] POST https://cloudresourcemanager.googleapis.com/v1/projects/petbuddy-138:testIamPermissions {"permissions":["firebase.projects.get","firebaseextensions.instances.list"]}
[debug] [2026-03-21T08:58:22.046Z] Checked if tokens are valid: true, expires at: 1774087087174
[debug] [2026-03-21T08:58:22.046Z] Checked if tokens are valid: true, expires at: 1774087087174
[debug] [2026-03-21T08:58:22.046Z] >>> [apiv2][query] GET https://firebaseextensions.googleapis.com/v1beta/projects/petbuddy-138/instances pageSize=100&pageToken=
[debug] [2026-03-21T08:58:23.872Z] <<< [apiv2][status] GET https://firebaseextensions.googleapis.com/v1beta/projects/petbuddy-138/instances 200
[debug] [2026-03-21T08:58:23.872Z] <<< [apiv2][body] GET https://firebaseextensions.googleapis.com/v1beta/projects/petbuddy-138/instances {}
[info] i  functions: preparing functions directory for uploading... 
[info] i  functions: packaged C:\Users\LENOVO\OneDrive\Desktop\Ai-chatbot-firebase\functions (80.67 KB) for uploading 
[debug] [2026-03-21T08:58:23.918Z] Checked if tokens are valid: true, expires at: 1774087087174
[debug] [2026-03-21T08:58:23.918Z] Checked if tokens are valid: true, expires at: 1774087087174
[debug] [2026-03-21T08:58:23.919Z] >>> [apiv2][query] GET https://cloudfunctions.googleapis.com/v1/projects/petbuddy-138/locations/-/functions [none]
[debug] [2026-03-21T08:58:24.933Z] <<< [apiv2][status] GET https://cloudfunctions.googleapis.com/v1/projects/petbuddy-138/locations/-/functions 200
[debug] [2026-03-21T08:58:24.933Z] <<< [apiv2][body] GET https://cloudfunctions.googleapis.com/v1/projects/petbuddy-138/locations/-/functions {}
[debug] [2026-03-21T08:58:24.933Z] Checked if tokens are valid: true, expires at: 1774087087174
[debug] [2026-03-21T08:58:24.933Z] Checked if tokens are valid: true, expires at: 1774087087174
[debug] [2026-03-21T08:58:24.933Z] >>> [apiv2][query] GET https://cloudfunctions.googleapis.com/v2/projects/petbuddy-138/locations/-/functions filter=environment%3D%22GEN_2%22
[debug] [2026-03-21T08:58:26.646Z] <<< [apiv2][status] GET https://cloudfunctions.googleapis.com/v2/projects/petbuddy-138/locations/-/functions 200
[debug] [2026-03-21T08:58:26.646Z] <<< [apiv2][body] GET https://cloudfunctions.googleapis.com/v2/projects/petbuddy-138/locations/-/functions {"functions":[{"name":"projects/petbuddy-138/locations/us-central1/functions/suggestions","buildConfig":{"build":"projects/506859726227/locations/us-central1/builds/63a64399-95fd-4092-8fc3-29ce7af09d6c","runtime":"nodejs24","entryPoint":"suggestions","source":{"storageSource":{"bucket":"gcf-v2-sources-506859726227-us-central1","object":"suggestions/function-source.zip","generation":"1774004651524841"}},"environmentVariables":{"GOOGLE_NODE_RUN_SCRIPTS":""},"dockerRepository":"projects/petbuddy-138/locations/us-central1/repositories/gcf-artifacts","sourceProvenance":{"resolvedStorageSource":{"bucket":"gcf-v2-sources-506859726227-us-central1","object":"suggestions/function-source.zip","generation":"1774004651524841"}},"dockerRegistry":"ARTIFACT_REGISTRY","serviceAccount":"projects/petbuddy-138/serviceAccounts/506859726227-compute@developer.gserviceaccount.com","automaticUpdatePolicy":{}},"serviceConfig":{"service":"projects/petbuddy-138/locations/us-central1/services/suggestions","timeoutSeconds":60,"environmentVariables":{"FIREBASE_CONFIG":"{\"projectId\":\"petbuddy-138\",\"databaseURL\":\"https://petbuddy-138-default-rtdb.firebaseio.com\",\"storageBucket\":\"petbuddy-138.firebasestorage.app\"}","GCLOUD_PROJECT":"petbuddy-138","EVENTARC_CLOUD_EVENT_SOURCE":"projects/petbuddy-138/locations/us-central1/services/suggestions","FUNCTION_TARGET":"suggestions","LOG_EXECUTION_ID":"true","FUNCTION_SIGNATURE_TYPE":"http"},"maxInstanceCount":3,"ingressSettings":"ALLOW_ALL","uri":"https://suggestions-4nngqcaljq-uc.a.run.app","serviceAccountEmail":"506859726227-compute@developer.gserviceaccount.com","availableMemory":"256Mi","allTrafficOnLatestRevision":true,"revision":"suggestions-00005-pal","maxInstanceRequestConcurrency":80,"availableCpu":"1"},"state":"ACTIVE","updateTime":"2026-03-20T11:04:19.118762711Z","labels":{"deployment-tool":"cli-firebase","firebase-functions-hash":"f3adc613b6fdd4e607661fb71ea7afe092d10eaf"},"environment":"GEN_2","url":"https://us-central1-petbuddy-138.cloudfunctions.net/suggestions","createTime":"2026-03-20T05:51:11.380302157Z","satisfiesPzi":true},{"name":"projects/petbuddy-138/locations/us-central1/functions/chatbot","buildConfig":{"build":"projects/506859726227/locations/us-central1/builds/63a64399-95fd-4092-8fc3-29ce7af09d6c","runtime":"nodejs24","entryPoint":"chatbot","source":{"storageSource":{"bucket":"gcf-v2-sources-506859726227-us-central1","object":"chatbot/function-source.zip","generation":"1774004581130146"}},"environmentVariables":{"GOOGLE_NODE_RUN_SCRIPTS":""},"dockerRepository":"projects/petbuddy-138/locations/us-central1/repositories/gcf-artifacts","sourceProvenance":{"resolvedStorageSource":{"bucket":"gcf-v2-sources-506859726227-us-central1","object":"chatbot/function-source.zip","generation":"1774004581130146"}},"dockerRegistry":"ARTIFACT_REGISTRY","serviceAccount":"projects/petbuddy-138/serviceAccounts/506859726227-compute@developer.gserviceaccount.com","automaticUpdatePolicy":{}},"serviceConfig":{"service":"projects/petbuddy-138/locations/us-central1/services/chatbot","timeoutSeconds":60,"environmentVariables":{"FIREBASE_CONFIG":"{\"projectId\":\"petbuddy-138\",\"databaseURL\":\"https://petbuddy-138-default-rtdb.firebaseio.com\",\"storageBucket\":\"petbuddy-138.firebasestorage.app\"}","GCLOUD_PROJECT":"petbuddy-138","EVENTARC_CLOUD_EVENT_SOURCE":"projects/petbuddy-138/locations/us-central1/services/chatbot","FUNCTION_TARGET":"chatbot","LOG_EXECUTION_ID":"true","FUNCTION_SIGNATURE_TYPE":"http"},"maxInstanceCount":3,"ingressSettings":"ALLOW_ALL","uri":"https://chatbot-4nngqcaljq-uc.a.run.app","serviceAccountEmail":"506859726227-compute@developer.gserviceaccount.com","availableMemory":"256Mi","allTrafficOnLatestRevision":true,"revision":"chatbot-00009-res","maxInstanceRequestConcurrency":80,"availableCpu":"1"},"state":"ACTIVE","updateTime":"2026-03-20T11:04:16.207429015Z","labels":{"firebase-functions-hash":"f3adc613b6fdd4e607661fb71ea7afe092d10eaf","deployment-tool":"cli-firebase"},"environment":"GEN_2","url":"https://us-central1-petbuddy-138.cloudfunctions.net/chatbot","createTime":"2026-03-18T07:05:34.005232421Z","satisfiesPzi":true}]}
[info] i  functions: ensuring required API run.googleapis.com is enabled... 
[info] i  functions: ensuring required API eventarc.googleapis.com is enabled... 
[info] i  functions: ensuring required API pubsub.googleapis.com is enabled... 
[info] i  functions: ensuring required API storage.googleapis.com is enabled... 
[info] i  functions: generating the service identity for pubsub.googleapis.com... 
[debug] [2026-03-21T08:58:26.651Z] Checked if tokens are valid: true, expires at: 1774087087174
[debug] [2026-03-21T08:58:26.651Z] Checked if tokens are valid: true, expires at: 1774087087174
[info] i  functions: generating the service identity for eventarc.googleapis.com... 
[debug] [2026-03-21T08:58:26.652Z] Checked if tokens are valid: true, expires at: 1774087087174
[debug] [2026-03-21T08:58:26.652Z] Checked if tokens are valid: true, expires at: 1774087087174
[debug] [2026-03-21T08:58:26.652Z] >>> [apiv2][query] POST https://serviceusage.googleapis.com/v1beta1/projects/506859726227/services/pubsub.googleapis.com:generateServiceIdentity [none]
[debug] [2026-03-21T08:58:26.652Z] >>> [apiv2][(partial)header] POST https://serviceusage.googleapis.com/v1beta1/projects/506859726227/services/pubsub.googleapis.com:generateServiceIdentity  x-goog-user-project=506859726227
[debug] [2026-03-21T08:58:26.652Z] >>> [apiv2][body] POST https://serviceusage.googleapis.com/v1beta1/projects/506859726227/services/pubsub.googleapis.com:generateServiceIdentity {}
[debug] [2026-03-21T08:58:26.654Z] >>> [apiv2][query] POST https://serviceusage.googleapis.com/v1beta1/projects/506859726227/services/eventarc.googleapis.com:generateServiceIdentity [none]
[debug] [2026-03-21T08:58:26.654Z] >>> [apiv2][(partial)header] POST https://serviceusage.googleapis.com/v1beta1/projects/506859726227/services/eventarc.googleapis.com:generateServiceIdentity  x-goog-user-project=506859726227
[debug] [2026-03-21T08:58:26.654Z] >>> [apiv2][body] POST https://serviceusage.googleapis.com/v1beta1/projects/506859726227/services/eventarc.googleapis.com:generateServiceIdentity {}
[debug] [2026-03-21T08:58:28.780Z] <<< [apiv2][status] POST https://serviceusage.googleapis.com/v1beta1/projects/506859726227/services/pubsub.googleapis.com:generateServiceIdentity 200
[debug] [2026-03-21T08:58:28.780Z] <<< [apiv2][body] POST https://serviceusage.googleapis.com/v1beta1/projects/506859726227/services/pubsub.googleapis.com:generateServiceIdentity {"name":"operations/finished.DONE_OPERATION","done":true,"response":{"@type":"type.googleapis.com/google.api.serviceusage.v1beta1.ServiceIdentity","email":"service-506859726227@gcp-sa-pubsub.iam.gserviceaccount.com","uniqueId":"105806376535851286795"}}
[debug] [2026-03-21T08:58:28.780Z] <<< [apiv2][status] POST https://serviceusage.googleapis.com/v1beta1/projects/506859726227/services/eventarc.googleapis.com:generateServiceIdentity 200
[debug] [2026-03-21T08:58:28.780Z] <<< [apiv2][body] POST https://serviceusage.googleapis.com/v1beta1/projects/506859726227/services/eventarc.googleapis.com:generateServiceIdentity {"name":"operations/finished.DONE_OPERATION","done":true,"response":{"@type":"type.googleapis.com/google.api.serviceusage.v1beta1.ServiceIdentity","email":"service-506859726227@gcp-sa-eventarc.iam.gserviceaccount.com","uniqueId":"114482277768409459995"}}
[debug] [2026-03-21T08:58:28.783Z] Checked if tokens are valid: true, expires at: 1774087087174
[debug] [2026-03-21T08:58:28.783Z] Checked if tokens are valid: true, expires at: 1774087087174
[debug] [2026-03-21T08:58:28.784Z] >>> [apiv2][query] GET https://cloudresourcemanager.googleapis.com/v1/projects/petbuddy-138 [none]
[debug] [2026-03-21T08:58:30.390Z] <<< [apiv2][status] GET https://cloudresourcemanager.googleapis.com/v1/projects/petbuddy-138 200
[debug] [2026-03-21T08:58:30.390Z] <<< [apiv2][body] GET https://cloudresourcemanager.googleapis.com/v1/projects/petbuddy-138 {"projectNumber":"506859726227","projectId":"petbuddy-138","lifecycleState":"ACTIVE","name":"petbuddy-138","labels":{"firebase":"enabled","firebase-core":"disabled"},"createTime":"2026-02-16T09:47:55.230253Z"}
[debug] [2026-03-21T08:58:30.391Z] Checked if tokens are valid: true, expires at: 1774087087174
[debug] [2026-03-21T08:58:30.391Z] Checked if tokens are valid: true, expires at: 1774087087174
[debug] [2026-03-21T08:58:30.391Z] >>> [apiv2][query] GET https://compute.googleapis.com/compute/v1/projects/506859726227 [none]
[debug] [2026-03-21T08:58:31.140Z] <<< [apiv2][status] GET https://compute.googleapis.com/compute/v1/projects/506859726227 200
[debug] [2026-03-21T08:58:31.140Z] <<< [apiv2][body] GET https://compute.googleapis.com/compute/v1/projects/506859726227 {"kind":"compute#project","id":"5733545257469465036","creationTimestamp":"2026-03-18T02:23:47.867-07:00","name":"petbuddy-138","commonInstanceMetadata":{"kind":"compute#metadata","fingerprint":"D8hYhfy6tG8="},"quotas":[{"metric":"SNAPSHOTS","limit":1000,"usage":0},{"metric":"NETWORKS","limit":5,"usage":1},{"metric":"FIREWALLS","limit":100,"usage":4},{"metric":"IMAGES","limit":100,"usage":0},{"metric":"STATIC_ADDRESSES","limit":8,"usage":0},{"metric":"ROUTES","limit":200,"usage":0},{"metric":"FORWARDING_RULES","limit":15,"usage":0},{"metric":"TARGET_POOLS","limit":50,"usage":0},{"metric":"HEALTH_CHECKS","limit":75,"usage":0},{"metric":"IN_USE_ADDRESSES","limit":4,"usage":0},{"metric":"TARGET_INSTANCES","limit":50,"usage":0},{"metric":"TARGET_HTTP_PROXIES","limit":10,"usage":0},{"metric":"URL_MAPS","limit":10,"usage":0},{"metric":"BACKEND_SERVICES","limit":50,"usage":0},{"metric":"INSTANCE_TEMPLATES","limit":100,"usage":0},{"metric":"TARGET_VPN_GATEWAYS","limit":5,"usage":0},{"metric":"VPN_TUNNELS","limit":10,"usage":0},{"metric":"BACKEND_BUCKETS","limit":3,"usage":0},{"metric":"ROUTERS","limit":10,"usage":0},{"metric":"TARGET_SSL_PROXIES","limit":10,"usage":0},{"metric":"TARGET_HTTPS_PROXIES","limit":10,"usage":0},{"metric":"SSL_CERTIFICATES","limit":10,"usage":0},{"metric":"SUBNETWORKS","limit":100,"usage":0},{"metric":"TARGET_TCP_PROXIES","limit":10,"usage":0},{"metric":"CPUS_ALL_REGIONS","limit":12,"usage":0},{"metric":"SECURITY_POLICIES","limit":0,"usage":0},{"metric":"SECURITY_POLICY_RULES","limit":0,"usage":0},{"metric":"XPN_SERVICE_PROJECTS","limit":1000,"usage":0},{"metric":"PACKET_MIRRORINGS","limit":20,"usage":0},{"metric":"NETWORK_ENDPOINT_GROUPS","limit":100,"usage":0},{"metric":"INTERCONNECTS","limit":6,"usage":0},{"metric":"SSL_POLICIES","limit":10,"usage":0},{"metric":"GLOBAL_INTERNAL_ADDRESSES","limit":5000,"usage":0},{"metric":"VPN_GATEWAYS","limit":5,"usage":0},{"metric":"MACHINE_IMAGES","limit":100,"usage":0},{"metric":"SECURITY_POLICY_CEVAL_RULES","limit":0,"usage":0},{"metric":"GPUS_ALL_REGIONS","limit":0,"usage":0},{"metric":"EXTERNAL_VPN_GATEWAYS","limit":5,"usage":0},{"metric":"PUBLIC_ADVERTISED_PREFIXES","limit":1,"usage":0},{"metric":"PUBLIC_DELEGATED_PREFIXES","limit":10,"usage":0},{"metric":"STATIC_BYOIP_ADDRESSES","limit":128,"usage":0},{"metric":"NETWORK_FIREWALL_POLICIES","limit":10,"usage":0},{"metric":"INTERNAL_TRAFFIC_DIRECTOR_FORWARDING_RULES","limit":15,"usage":0},{"metric":"GLOBAL_EXTERNAL_MANAGED_FORWARDING_RULES","limit":15,"usage":0},{"metric":"GLOBAL_INTERNAL_MANAGED_BACKEND_SERVICES","limit":50,"usage":0},{"metric":"GLOBAL_EXTERNAL_MANAGED_BACKEND_SERVICES","limit":50,"usage":0},{"metric":"GLOBAL_EXTERNAL_PROXY_LB_BACKEND_SERVICES","limit":50,"usage":0},{"metric":"GLOBAL_INTERNAL_TRAFFIC_DIRECTOR_BACKEND_SERVICES","limit":100,"usage":0}],"selfLink":"https://www.googleapis.com/compute/v1/projects/petbuddy-138","defaultServiceAccount":"506859726227-compute@developer.gserviceaccount.com","xpnProjectStatus":"UNSPECIFIED_XPN_PROJECT_STATUS","defaultNetworkTier":"PREMIUM","vmDnsSetting":"ZONAL_ONLY","cloudArmorTier":"CA_STANDARD"}
[debug] [2026-03-21T08:58:31.141Z] Checked if tokens are valid: true, expires at: 1774087087174
[debug] [2026-03-21T08:58:31.141Z] Checked if tokens are valid: true, expires at: 1774087087174
[debug] [2026-03-21T08:58:31.141Z] >>> [apiv2][query] GET https://cloudbilling.googleapis.com/v1/projects/petbuddy-138/billingInfo [none]
[debug] [2026-03-21T08:58:32.707Z] <<< [apiv2][status] GET https://cloudbilling.googleapis.com/v1/projects/petbuddy-138/billingInfo 200
[debug] [2026-03-21T08:58:32.707Z] <<< [apiv2][body] GET https://cloudbilling.googleapis.com/v1/projects/petbuddy-138/billingInfo {"name":"projects/petbuddy-138/billingInfo","projectId":"petbuddy-138","billingAccountName":"billingAccounts/019268-AEDF34-213E0F","billingEnabled":true}
[debug] [2026-03-21T08:58:32.709Z] Checked if tokens are valid: true, expires at: 1774087087174
[debug] [2026-03-21T08:58:32.709Z] Checked if tokens are valid: true, expires at: 1774087087174
[debug] [2026-03-21T08:58:32.709Z] >>> [apiv2][query] POST https://cloudfunctions.googleapis.com/v2/projects/petbuddy-138/locations/us-central1/functions:generateUploadUrl [none]
[debug] [2026-03-21T08:58:34.338Z] <<< [apiv2][status] POST https://cloudfunctions.googleapis.com/v2/projects/petbuddy-138/locations/us-central1/functions:generateUploadUrl 200
[debug] [2026-03-21T08:58:34.338Z] <<< [apiv2][body] POST https://cloudfunctions.googleapis.com/v2/projects/petbuddy-138/locations/us-central1/functions:generateUploadUrl {"uploadUrl":"https://storage.googleapis.com/gcf-v2-uploads-506859726227.us-central1.cloudfunctions.appspot.com/9101a6ef-3680-4c81-9d61-9c897ac12ee2.zip?GoogleAccessId=service-506859726227@gcf-admin-robot.iam.gserviceaccount.com&Expires=1774085314&Signature=pqtGAEISYM0hkFhJjX%2B65buCSmPu4sJEFOmekj39DDKMLKjIJQUYgSb74JuPOV9%2F3yOA01M%2BAjodMWrtf6l8fjyiSbRqW%2BzwJeMoXDKNK9dAOcmzZ27qcw6FUWWtn8Z%2FmWrF%2BEJ0%2BSIXmPEfROH17H1IISdvoov85diIZ47S1hE%2Bd7MwVPCzIuvt35jLU8xpeBs8IcwW%2BtwUTaqxVF8IhwMk5%2BOGO4mlXIV8ditXIrpfONFNRyI2uh4PfsZ0AAJM7b9wkqScnH6lTAV27ZSWESEP%2BQp%2BOkLj7HlZHVSHZjAM%2FHorP%2BQ%2FglUEcKHWe89YqQmlUh8NyFEbdbGZncbV0Q%3D%3D","storageSource":{"bucket":"gcf-v2-uploads-506859726227.us-central1.cloudfunctions.appspot.com","object":"9101a6ef-3680-4c81-9d61-9c897ac12ee2.zip"}}
[debug] [2026-03-21T08:58:34.339Z] >>> [apiv2][query] PUT https://storage.googleapis.com/gcf-v2-uploads-506859726227.us-central1.cloudfunctions.appspot.com/9101a6ef-3680-4c81-9d61-9c897ac12ee2.zip GoogleAccessId=service-506859726227%40gcf-admin-robot.iam.gserviceaccount.com&Expires=1774085314&Signature=pqtGAEISYM0hkFhJjX%2B65buCSmPu4sJEFOmekj39DDKMLKjIJQUYgSb74JuPOV9%2F3yOA01M%2BAjodMWrtf6l8fjyiSbRqW%2BzwJeMoXDKNK9dAOcmzZ27qcw6FUWWtn8Z%2FmWrF%2BEJ0%2BSIXmPEfROH17H1IISdvoov85diIZ47S1hE%2Bd7MwVPCzIuvt35jLU8xpeBs8IcwW%2BtwUTaqxVF8IhwMk5%2BOGO4mlXIV8ditXIrpfONFNRyI2uh4PfsZ0AAJM7b9wkqScnH6lTAV27ZSWESEP%2BQp%2BOkLj7HlZHVSHZjAM%2FHorP%2BQ%2FglUEcKHWe89YqQmlUh8NyFEbdbGZncbV0Q%3D%3D
[debug] [2026-03-21T08:58:34.339Z] >>> [apiv2][body] PUT https://storage.googleapis.com/gcf-v2-uploads-506859726227.us-central1.cloudfunctions.appspot.com/9101a6ef-3680-4c81-9d61-9c897ac12ee2.zip [stream]
[debug] [2026-03-21T08:58:35.753Z] <<< [apiv2][status] PUT https://storage.googleapis.com/gcf-v2-uploads-506859726227.us-central1.cloudfunctions.appspot.com/9101a6ef-3680-4c81-9d61-9c897ac12ee2.zip 200
[debug] [2026-03-21T08:58:35.753Z] <<< [apiv2][body] PUT https://storage.googleapis.com/gcf-v2-uploads-506859726227.us-central1.cloudfunctions.appspot.com/9101a6ef-3680-4c81-9d61-9c897ac12ee2.zip [omitted]
[info] +  functions: functions source uploaded successfully 
[info] i  functions: updating Node.js 24 (2nd Gen) function chatbot(us-central1)... 
[info] i  functions: updating Node.js 24 (2nd Gen) function suggestions(us-central1)... 
[debug] [2026-03-21T08:58:35.760Z] Checked if tokens are valid: true, expires at: 1774087087174
[debug] [2026-03-21T08:58:35.760Z] Checked if tokens are valid: true, expires at: 1774087087174
[debug] [2026-03-21T08:58:35.760Z] >>> [apiv2][query] PATCH https://cloudfunctions.googleapis.com/v2/projects/petbuddy-138/locations/us-central1/functions/chatbot updateMask=name%2CbuildConfig.runtime%2CbuildConfig.entryPoint%2CbuildConfig.source.storageSource.bucket%2CbuildConfig.source.storageSource.object%2CbuildConfig.environmentVariables%2CbuildConfig.sourceToken%2CserviceConfig.environmentVariables%2CserviceConfig.ingressSettings%2CserviceConfig.timeoutSeconds%2CserviceConfig.serviceAccountEmail%2CserviceConfig.availableMemory%2CserviceConfig.minInstanceCount%2CserviceConfig.maxInstanceCount%2CserviceConfig.maxInstanceRequestConcurrency%2CserviceConfig.availableCpu%2CserviceConfig.vpcConnector%2CserviceConfig.vpcConnectorEgressSettings%2Clabels
[debug] [2026-03-21T08:58:35.761Z] >>> [apiv2][body] PATCH https://cloudfunctions.googleapis.com/v2/projects/petbuddy-138/locations/us-central1/functions/chatbot {"name":"projects/petbuddy-138/locations/us-central1/functions/chatbot","buildConfig":{"runtime":"nodejs24","entryPoint":"chatbot","source":{"storageSource":{"bucket":"gcf-v2-uploads-506859726227.us-central1.cloudfunctions.appspot.com","object":"9101a6ef-3680-4c81-9d61-9c897ac12ee2.zip"}},"environmentVariables":{"GOOGLE_NODE_RUN_SCRIPTS":""}},"serviceConfig":{"environmentVariables":{"FIREBASE_CONFIG":"{\"projectId\":\"petbuddy-138\",\"databaseURL\":\"https://petbuddy-138-default-rtdb.firebaseio.com\",\"storageBucket\":\"petbuddy-138.firebasestorage.app\"}","GCLOUD_PROJECT":"petbuddy-138","EVENTARC_CLOUD_EVENT_SOURCE":"projects/petbuddy-138/locations/us-central1/services/chatbot","FUNCTION_TARGET":"chatbot","LOG_EXECUTION_ID":"true","FUNCTION_SIGNATURE_TYPE":"http"},"ingressSettings":null,"timeoutSeconds":null,"serviceAccountEmail":null,"availableMemory":"256Mi","minInstanceCount":null,"maxInstanceCount":null,"maxInstanceRequestConcurrency":80,"availableCpu":"1","vpcConnector":null,"vpcConnectorEgressSettings":null},"labels":{"deployment-tool":"cli-firebase","firebase-functions-hash":"f9b464fe15883db687a1f647c85d7492a2a6d638"}}
[debug] [2026-03-21T08:58:38.102Z] <<< [apiv2][status] PATCH https://cloudfunctions.googleapis.com/v2/projects/petbuddy-138/locations/us-central1/functions/chatbot 200
[debug] [2026-03-21T08:58:38.102Z] <<< [apiv2][body] PATCH https://cloudfunctions.googleapis.com/v2/projects/petbuddy-138/locations/us-central1/functions/chatbot {"name":"projects/petbuddy-138/locations/us-central1/operations/operation-1774083517429-64d8501dbb670-ad58e190-e568c9e5","metadata":{"@type":"type.googleapis.com/google.cloud.functions.v2.OperationMetadata","createTime":"2026-03-21T08:58:38.325292885Z","target":"projects/petbuddy-138/locations/us-central1/functions/chatbot","verb":"update","cancelRequested":false,"apiVersion":"v2"},"done":false}
[debug] [2026-03-21T08:58:38.103Z] Checked if tokens are valid: true, expires at: 1774087087174
[debug] [2026-03-21T08:58:38.103Z] Checked if tokens are valid: true, expires at: 1774087087174
[debug] [2026-03-21T08:58:38.103Z] >>> [apiv2][query] GET https://cloudfunctions.googleapis.com/v2/projects/petbuddy-138/locations/us-central1/operations/operation-1774083517429-64d8501dbb670-ad58e190-e568c9e5 [none]
[debug] [2026-03-21T08:58:39.669Z] <<< [apiv2][status] GET https://cloudfunctions.googleapis.com/v2/projects/petbuddy-138/locations/us-central1/operations/operation-1774083517429-64d8501dbb670-ad58e190-e568c9e5 200
[debug] [2026-03-21T08:58:39.670Z] <<< [apiv2][body] GET https://cloudfunctions.googleapis.com/v2/projects/petbuddy-138/locations/us-central1/operations/operation-1774083517429-64d8501dbb670-ad58e190-e568c9e5 {"name":"projects/petbuddy-138/locations/us-central1/operations/operation-1774083517429-64d8501dbb670-ad58e190-e568c9e5","metadata":{"@type":"type.googleapis.com/google.cloud.functions.v2.OperationMetadata","createTime":"2026-03-21T08:58:38.325292885Z","target":"projects/petbuddy-138/locations/us-central1/functions/chatbot","verb":"update","cancelRequested":false,"apiVersion":"v2","requestResource":{"@type":"type.googleapis.com/google.cloud.functions.v2.Function","name":"projects/petbuddy-138/locations/us-central1/functions/chatbot","buildConfig":{"runtime":"nodejs24","entryPoint":"chatbot","source":{"storageSource":{"bucket":"gcf-v2-sources-506859726227-us-central1","object":"chatbot/function-source.zip","generation":"1774083518264678"}},"environmentVariables":{"GOOGLE_NODE_RUN_SCRIPTS":""},"dockerRepository":"projects/petbuddy-138/locations/us-central1/repositories/gcf-artifacts","sourceProvenance":{"resolvedStorageSource":{"bucket":"gcf-v2-sources-506859726227-us-central1","object":"chatbot/function-source.zip","generation":"1774004581130146"}},"dockerRegistry":"ARTIFACT_REGISTRY","serviceAccount":"projects/petbuddy-138/serviceAccounts/506859726227-compute@developer.gserviceaccount.com","automaticUpdatePolicy":{}},"serviceConfig":{"service":"projects/petbuddy-138/locations/us-central1/services/chatbot","timeoutSeconds":60,"environmentVariables":{"FIREBASE_CONFIG":"{\"projectId\":\"petbuddy-138\",\"databaseURL\":\"https://petbuddy-138-default-rtdb.firebaseio.com\",\"storageBucket\":\"petbuddy-138.firebasestorage.app\"}","GCLOUD_PROJECT":"petbuddy-138","EVENTARC_CLOUD_EVENT_SOURCE":"projects/petbuddy-138/locations/us-central1/services/chatbot","FUNCTION_TARGET":"chatbot","LOG_EXECUTION_ID":"true","FUNCTION_SIGNATURE_TYPE":"http"},"ingressSettings":"ALLOW_ALL","uri":"https://chatbot-4nngqcaljq-uc.a.run.app","serviceAccountEmail":"506859726227-compute@developer.gserviceaccount.com","availableMemory":"256Mi","allTrafficOnLatestRevision":true,"revision":"chatbot-00009-res","maxInstanceRequestConcurrency":80,"availableCpu":"1"},"state":"ACTIVE","labels":{"deployment-tool":"cloud-console","firebase-functions-hash":"f9b464fe15883db687a1f647c85d7492a2a6d638"},"environment":"GEN_2","url":"https://us-central1-petbuddy-138.cloudfunctions.net/chatbot","satisfiesPzi":true},"stages":[{"name":"BUILD","message":"Build in progress","state":"IN_PROGRESS","resource":"projects/506859726227/locations/us-central1/builds/d56b2144-0446-44a4-9d89-1875e5d1733f","resourceUri":"https://console.cloud.google.com/cloud-build/builds;region=us-central1/d56b2144-0446-44a4-9d89-1875e5d1733f?project=506859726227"},{"name":"SERVICE","state":"NOT_STARTED"}],"operationType":"UPDATE_FUNCTION","buildName":"projects/506859726227/locations/us-central1/builds/d56b2144-0446-44a4-9d89-1875e5d1733f"},"done":false}
[debug] [2026-03-21T08:58:40.186Z] [update-default-us-central1-chatbot] Retrying task index 0
[debug] [2026-03-21T08:58:40.186Z] Checked if tokens are valid: true, expires at: 1774087087174
[debug] [2026-03-21T08:58:40.187Z] Checked if tokens are valid: true, expires at: 1774087087174
[debug] [2026-03-21T08:58:40.187Z] >>> [apiv2][query] GET https://cloudfunctions.googleapis.com/v2/projects/petbuddy-138/locations/us-central1/operations/operation-1774083517429-64d8501dbb670-ad58e190-e568c9e5 [none]
[debug] [2026-03-21T08:58:41.628Z] <<< [apiv2][status] GET https://cloudfunctions.googleapis.com/v2/projects/petbuddy-138/locations/us-central1/operations/operation-1774083517429-64d8501dbb670-ad58e190-e568c9e5 200
[debug] [2026-03-21T08:58:41.628Z] <<< [apiv2][body] GET https://cloudfunctions.googleapis.com/v2/projects/petbuddy-138/locations/us-central1/operations/operation-1774083517429-64d8501dbb670-ad58e190-e568c9e5 {"name":"projects/petbuddy-138/locations/us-central1/operations/operation-1774083517429-64d8501dbb670-ad58e190-e568c9e5","metadata":{"@type":"type.googleapis.com/google.cloud.functions.v2.OperationMetadata","createTime":"2026-03-21T08:58:38.325292885Z","target":"projects/petbuddy-138/locations/us-central1/functions/chatbot","verb":"update","cancelRequested":false,"apiVersion":"v2","requestResource":{"@type":"type.googleapis.com/google.cloud.functions.v2.Function","name":"projects/petbuddy-138/locations/us-central1/functions/chatbot","buildConfig":{"runtime":"nodejs24","entryPoint":"chatbot","source":{"storageSource":{"bucket":"gcf-v2-sources-506859726227-us-central1","object":"chatbot/function-source.zip","generation":"1774083518264678"}},"environmentVariables":{"GOOGLE_NODE_RUN_SCRIPTS":""},"dockerRepository":"projects/petbuddy-138/locations/us-central1/repositories/gcf-artifacts","sourceProvenance":{"resolvedStorageSource":{"bucket":"gcf-v2-sources-506859726227-us-central1","object":"chatbot/function-source.zip","generation":"1774004581130146"}},"dockerRegistry":"ARTIFACT_REGISTRY","serviceAccount":"projects/petbuddy-138/serviceAccounts/506859726227-compute@developer.gserviceaccount.com","automaticUpdatePolicy":{}},"serviceConfig":{"service":"projects/petbuddy-138/locations/us-central1/services/chatbot","timeoutSeconds":60,"environmentVariables":{"FIREBASE_CONFIG":"{\"projectId\":\"petbuddy-138\",\"databaseURL\":\"https://petbuddy-138-default-rtdb.firebaseio.com\",\"storageBucket\":\"petbuddy-138.firebasestorage.app\"}","GCLOUD_PROJECT":"petbuddy-138","EVENTARC_CLOUD_EVENT_SOURCE":"projects/petbuddy-138/locations/us-central1/services/chatbot","FUNCTION_TARGET":"chatbot","LOG_EXECUTION_ID":"true","FUNCTION_SIGNATURE_TYPE":"http"},"ingressSettings":"ALLOW_ALL","uri":"https://chatbot-4nngqcaljq-uc.a.run.app","serviceAccountEmail":"506859726227-compute@developer.gserviceaccount.com","availableMemory":"256Mi","allTrafficOnLatestRevision":true,"revision":"chatbot-00009-res","maxInstanceRequestConcurrency":80,"availableCpu":"1"},"state":"ACTIVE","labels":{"deployment-tool":"cloud-console","firebase-functions-hash":"f9b464fe15883db687a1f647c85d7492a2a6d638"},"environment":"GEN_2","url":"https://us-central1-petbuddy-138.cloudfunctions.net/chatbot","satisfiesPzi":true},"stages":[{"name":"BUILD","message":"Build in progress","state":"IN_PROGRESS","resource":"projects/506859726227/locations/us-central1/builds/d56b2144-0446-44a4-9d89-1875e5d1733f","resourceUri":"https://console.cloud.google.com/cloud-build/builds;region=us-central1/d56b2144-0446-44a4-9d89-1875e5d1733f?project=506859726227"},{"name":"SERVICE","state":"NOT_STARTED"}],"operationType":"UPDATE_FUNCTION","buildName":"projects/506859726227/locations/us-central1/builds/d56b2144-0446-44a4-9d89-1875e5d1733f"},"done":false}
[debug] [2026-03-21T08:58:42.637Z] [update-default-us-central1-chatbot] Retrying task index 0
[debug] [2026-03-21T08:58:42.637Z] Checked if tokens are valid: true, expires at: 1774087087174
[debug] [2026-03-21T08:58:42.638Z] Checked if tokens are valid: true, expires at: 1774087087174
[debug] [2026-03-21T08:58:42.638Z] >>> [apiv2][query] GET https://cloudfunctions.googleapis.com/v2/projects/petbuddy-138/locations/us-central1/operations/operation-1774083517429-64d8501dbb670-ad58e190-e568c9e5 [none]
[debug] [2026-03-21T08:58:43.019Z] <<< [apiv2][status] GET https://cloudfunctions.googleapis.com/v2/projects/petbuddy-138/locations/us-central1/operations/operation-1774083517429-64d8501dbb670-ad58e190-e568c9e5 200
[debug] [2026-03-21T08:58:43.019Z] <<< [apiv2][body] GET https://cloudfunctions.googleapis.com/v2/projects/petbuddy-138/locations/us-central1/operations/operation-1774083517429-64d8501dbb670-ad58e190-e568c9e5 {"name":"projects/petbuddy-138/locations/us-central1/operations/operation-1774083517429-64d8501dbb670-ad58e190-e568c9e5","metadata":{"@type":"type.googleapis.com/google.cloud.functions.v2.OperationMetadata","createTime":"2026-03-21T08:58:38.325292885Z","target":"projects/petbuddy-138/locations/us-central1/functions/chatbot","verb":"update","cancelRequested":false,"apiVersion":"v2","requestResource":{"@type":"type.googleapis.com/google.cloud.functions.v2.Function","name":"projects/petbuddy-138/locations/us-central1/functions/chatbot","buildConfig":{"runtime":"nodejs24","entryPoint":"chatbot","source":{"storageSource":{"bucket":"gcf-v2-sources-506859726227-us-central1","object":"chatbot/function-source.zip","generation":"1774083518264678"}},"environmentVariables":{"GOOGLE_NODE_RUN_SCRIPTS":""},"dockerRepository":"projects/petbuddy-138/locations/us-central1/repositories/gcf-artifacts","sourceProvenance":{"resolvedStorageSource":{"bucket":"gcf-v2-sources-506859726227-us-central1","object":"chatbot/function-source.zip","generation":"1774004581130146"}},"dockerRegistry":"ARTIFACT_REGISTRY","serviceAccount":"projects/petbuddy-138/serviceAccounts/506859726227-compute@developer.gserviceaccount.com","automaticUpdatePolicy":{}},"serviceConfig":{"service":"projects/petbuddy-138/locations/us-central1/services/chatbot","timeoutSeconds":60,"environmentVariables":{"FIREBASE_CONFIG":"{\"projectId\":\"petbuddy-138\",\"databaseURL\":\"https://petbuddy-138-default-rtdb.firebaseio.com\",\"storageBucket\":\"petbuddy-138.firebasestorage.app\"}","GCLOUD_PROJECT":"petbuddy-138","EVENTARC_CLOUD_EVENT_SOURCE":"projects/petbuddy-138/locations/us-central1/services/chatbot","FUNCTION_TARGET":"chatbot","LOG_EXECUTION_ID":"true","FUNCTION_SIGNATURE_TYPE":"http"},"ingressSettings":"ALLOW_ALL","uri":"https://chatbot-4nngqcaljq-uc.a.run.app","serviceAccountEmail":"506859726227-compute@developer.gserviceaccount.com","availableMemory":"256Mi","allTrafficOnLatestRevision":true,"revision":"chatbot-00009-res","maxInstanceRequestConcurrency":80,"availableCpu":"1"},"state":"ACTIVE","labels":{"deployment-tool":"cloud-console","firebase-functions-hash":"f9b464fe15883db687a1f647c85d7492a2a6d638"},"environment":"GEN_2","url":"https://us-central1-petbuddy-138.cloudfunctions.net/chatbot","satisfiesPzi":true},"stages":[{"name":"BUILD","message":"Build in progress","state":"IN_PROGRESS","resource":"projects/506859726227/locations/us-central1/builds/d56b2144-0446-44a4-9d89-1875e5d1733f","resourceUri":"https://console.cloud.google.com/cloud-build/builds;region=us-central1/d56b2144-0446-44a4-9d89-1875e5d1733f?project=506859726227"},{"name":"SERVICE","state":"NOT_STARTED"}],"operationType":"UPDATE_FUNCTION","buildName":"projects/506859726227/locations/us-central1/builds/d56b2144-0446-44a4-9d89-1875e5d1733f"},"done":false}
[debug] [2026-03-21T08:58:45.020Z] [update-default-us-central1-chatbot] Retrying task index 0
[debug] [2026-03-21T08:58:45.020Z] Checked if tokens are valid: true, expires at: 1774087087174
[debug] [2026-03-21T08:58:45.021Z] Checked if tokens are valid: true, expires at: 1774087087174
[debug] [2026-03-21T08:58:45.021Z] >>> [apiv2][query] GET https://cloudfunctions.googleapis.com/v2/projects/petbuddy-138/locations/us-central1/operations/operation-1774083517429-64d8501dbb670-ad58e190-e568c9e5 [none]
[debug] [2026-03-21T08:58:46.394Z] <<< [apiv2][status] GET https://cloudfunctions.googleapis.com/v2/projects/petbuddy-138/locations/us-central1/operations/operation-1774083517429-64d8501dbb670-ad58e190-e568c9e5 200
[debug] [2026-03-21T08:58:46.394Z] <<< [apiv2][body] GET https://cloudfunctions.googleapis.com/v2/projects/petbuddy-138/locations/us-central1/operations/operation-1774083517429-64d8501dbb670-ad58e190-e568c9e5 {"name":"projects/petbuddy-138/locations/us-central1/operations/operation-1774083517429-64d8501dbb670-ad58e190-e568c9e5","metadata":{"@type":"type.googleapis.com/google.cloud.functions.v2.OperationMetadata","createTime":"2026-03-21T08:58:38.325292885Z","target":"projects/petbuddy-138/locations/us-central1/functions/chatbot","verb":"update","cancelRequested":false,"apiVersion":"v2","requestResource":{"@type":"type.googleapis.com/google.cloud.functions.v2.Function","name":"projects/petbuddy-138/locations/us-central1/functions/chatbot","buildConfig":{"runtime":"nodejs24","entryPoint":"chatbot","source":{"storageSource":{"bucket":"gcf-v2-sources-506859726227-us-central1","object":"chatbot/function-source.zip","generation":"1774083518264678"}},"environmentVariables":{"GOOGLE_NODE_RUN_SCRIPTS":""},"dockerRepository":"projects/petbuddy-138/locations/us-central1/repositories/gcf-artifacts","sourceProvenance":{"resolvedStorageSource":{"bucket":"gcf-v2-sources-506859726227-us-central1","object":"chatbot/function-source.zip","generation":"1774004581130146"}},"dockerRegistry":"ARTIFACT_REGISTRY","serviceAccount":"projects/petbuddy-138/serviceAccounts/506859726227-compute@developer.gserviceaccount.com","automaticUpdatePolicy":{}},"serviceConfig":{"service":"projects/petbuddy-138/locations/us-central1/services/chatbot","timeoutSeconds":60,"environmentVariables":{"FIREBASE_CONFIG":"{\"projectId\":\"petbuddy-138\",\"databaseURL\":\"https://petbuddy-138-default-rtdb.firebaseio.com\",\"storageBucket\":\"petbuddy-138.firebasestorage.app\"}","GCLOUD_PROJECT":"petbuddy-138","EVENTARC_CLOUD_EVENT_SOURCE":"projects/petbuddy-138/locations/us-central1/services/chatbot","FUNCTION_TARGET":"chatbot","LOG_EXECUTION_ID":"true","FUNCTION_SIGNATURE_TYPE":"http"},"ingressSettings":"ALLOW_ALL","uri":"https://chatbot-4nngqcaljq-uc.a.run.app","serviceAccountEmail":"506859726227-compute@developer.gserviceaccount.com","availableMemory":"256Mi","allTrafficOnLatestRevision":true,"revision":"chatbot-00009-res","maxInstanceRequestConcurrency":80,"availableCpu":"1"},"state":"ACTIVE","labels":{"deployment-tool":"cloud-console","firebase-functions-hash":"f9b464fe15883db687a1f647c85d7492a2a6d638"},"environment":"GEN_2","url":"https://us-central1-petbuddy-138.cloudfunctions.net/chatbot","satisfiesPzi":true},"stages":[{"name":"BUILD","message":"Build in progress","state":"IN_PROGRESS","resource":"projects/506859726227/locations/us-central1/builds/d56b2144-0446-44a4-9d89-1875e5d1733f","resourceUri":"https://console.cloud.google.com/cloud-build/builds;region=us-central1/d56b2144-0446-44a4-9d89-1875e5d1733f?project=506859726227"},{"name":"SERVICE","state":"NOT_STARTED"}],"operationType":"UPDATE_FUNCTION","buildName":"projects/506859726227/locations/us-central1/builds/d56b2144-0446-44a4-9d89-1875e5d1733f"},"done":false}
[debug] [2026-03-21T08:58:50.400Z] [update-default-us-central1-chatbot] Retrying task index 0
[debug] [2026-03-21T08:58:50.400Z] Checked if tokens are valid: true, expires at: 1774087087174
[debug] [2026-03-21T08:58:50.400Z] Checked if tokens are valid: true, expires at: 1774087087174
[debug] [2026-03-21T08:58:50.400Z] >>> [apiv2][query] GET https://cloudfunctions.googleapis.com/v2/projects/petbuddy-138/locations/us-central1/operations/operation-1774083517429-64d8501dbb670-ad58e190-e568c9e5 [none]
[debug] [2026-03-21T08:58:51.957Z] <<< [apiv2][status] GET https://cloudfunctions.googleapis.com/v2/projects/petbuddy-138/locations/us-central1/operations/operation-1774083517429-64d8501dbb670-ad58e190-e568c9e5 200
[debug] [2026-03-21T08:58:51.957Z] <<< [apiv2][body] GET https://cloudfunctions.googleapis.com/v2/projects/petbuddy-138/locations/us-central1/operations/operation-1774083517429-64d8501dbb670-ad58e190-e568c9e5 {"name":"projects/petbuddy-138/locations/us-central1/operations/operation-1774083517429-64d8501dbb670-ad58e190-e568c9e5","metadata":{"@type":"type.googleapis.com/google.cloud.functions.v2.OperationMetadata","createTime":"2026-03-21T08:58:38.325292885Z","target":"projects/petbuddy-138/locations/us-central1/functions/chatbot","verb":"update","cancelRequested":false,"apiVersion":"v2","requestResource":{"@type":"type.googleapis.com/google.cloud.functions.v2.Function","name":"projects/petbuddy-138/locations/us-central1/functions/chatbot","buildConfig":{"runtime":"nodejs24","entryPoint":"chatbot","source":{"storageSource":{"bucket":"gcf-v2-sources-506859726227-us-central1","object":"chatbot/function-source.zip","generation":"1774083518264678"}},"environmentVariables":{"GOOGLE_NODE_RUN_SCRIPTS":""},"dockerRepository":"projects/petbuddy-138/locations/us-central1/repositories/gcf-artifacts","sourceProvenance":{"resolvedStorageSource":{"bucket":"gcf-v2-sources-506859726227-us-central1","object":"chatbot/function-source.zip","generation":"1774004581130146"}},"dockerRegistry":"ARTIFACT_REGISTRY","serviceAccount":"projects/petbuddy-138/serviceAccounts/506859726227-compute@developer.gserviceaccount.com","automaticUpdatePolicy":{}},"serviceConfig":{"service":"projects/petbuddy-138/locations/us-central1/services/chatbot","timeoutSeconds":60,"environmentVariables":{"FIREBASE_CONFIG":"{\"projectId\":\"petbuddy-138\",\"databaseURL\":\"https://petbuddy-138-default-rtdb.firebaseio.com\",\"storageBucket\":\"petbuddy-138.firebasestorage.app\"}","GCLOUD_PROJECT":"petbuddy-138","EVENTARC_CLOUD_EVENT_SOURCE":"projects/petbuddy-138/locations/us-central1/services/chatbot","FUNCTION_TARGET":"chatbot","LOG_EXECUTION_ID":"true","FUNCTION_SIGNATURE_TYPE":"http"},"ingressSettings":"ALLOW_ALL","uri":"https://chatbot-4nngqcaljq-uc.a.run.app","serviceAccountEmail":"506859726227-compute@developer.gserviceaccount.com","availableMemory":"256Mi","allTrafficOnLatestRevision":true,"revision":"chatbot-00009-res","maxInstanceRequestConcurrency":80,"availableCpu":"1"},"state":"ACTIVE","labels":{"deployment-tool":"cloud-console","firebase-functions-hash":"f9b464fe15883db687a1f647c85d7492a2a6d638"},"environment":"GEN_2","url":"https://us-central1-petbuddy-138.cloudfunctions.net/chatbot","satisfiesPzi":true},"stages":[{"name":"BUILD","message":"Build in progress","state":"IN_PROGRESS","resource":"projects/506859726227/locations/us-central1/builds/d56b2144-0446-44a4-9d89-1875e5d1733f","resourceUri":"https://console.cloud.google.com/cloud-build/builds;region=us-central1/d56b2144-0446-44a4-9d89-1875e5d1733f?project=506859726227"},{"name":"SERVICE","state":"NOT_STARTED"}],"operationType":"UPDATE_FUNCTION","buildName":"projects/506859726227/locations/us-central1/builds/d56b2144-0446-44a4-9d89-1875e5d1733f"},"done":false}
